<?xml version="1.0" encoding="UTF-8"?>
<!-- Generated by org.testng.reporters.JUnitReportReporter -->
<testsuite hostname="LAPTOP-0KSESJRI" failures="0" tests="1" name="com.testing.insure_me_selenium_testing.AppTest" time="0.008" errors="0" timestamp="2023-11-25T12:57:43 IST" skipped="0">
  <testcase classname="com.testing.insure_me_selenium_testing.AppTest" name="shouldAnswerWithTrue" time="0.008"/>
  <system-out/>
</testsuite> <!-- com.testing.insure_me_selenium_testing.AppTest -->
